{"E:\\project\\npm-package\\src\\index.js": {"path":"E:\\project\\npm-package\\src\\index.js","statementMap":{},"fnMap":{},"branchMap":{},"s":{},"f":{},"b":{},"inputSourceMap":null}
,"E:\\project\\npm-package\\src\\commands\\convert.js": {"path":"E:\\project\\npm-package\\src\\commands\\convert.js","statementMap":{"0":{"start":{"line":19,"column":33},"end":{"line":19,"column":63}},"1":{"start":{"line":28,"column":14},"end":{"line":28,"column":59}},"2":{"start":{"line":30,"column":2},"end":{"line":64,"column":3}},"3":{"start":{"line":32,"column":22},"end":{"line":32,"column":58}},"4":{"start":{"line":33,"column":21},"end":{"line":37,"column":8}},"5":{"start":{"line":38,"column":6},"end":{"line":40,"column":7}},"6":{"start":{"line":39,"column":8},"end":{"line":39,"column":72}},"7":{"start":{"line":41,"column":6},"end":{"line":41,"column":25}},"8":{"start":{"line":45,"column":22},"end":{"line":45,"column":58}},"9":{"start":{"line":46,"column":21},"end":{"line":46,"column":40}},"10":{"start":{"line":48,"column":6},"end":{"line":48,"column":70}},"11":{"start":{"line":53,"column":23},"end":{"line":53,"column":46}},"12":{"start":{"line":54,"column":24},"end":{"line":54,"column":63}},"13":{"start":{"line":55,"column":6},"end":{"line":57,"column":7}},"14":{"start":{"line":56,"column":8},"end":{"line":56,"column":104}},"15":{"start":{"line":58,"column":20},"end":{"line":58,"column":46}},"16":{"start":{"line":59,"column":6},"end":{"line":59,"column":61}},"17":{"start":{"line":63,"column":6},"end":{"line":63,"column":53}},"18":{"start":{"line":74,"column":14},"end":{"line":74,"column":61}},"19":{"start":{"line":76,"column":2},"end":{"line":102,"column":3}},"20":{"start":{"line":78,"column":22},"end":{"line":78,"column":72}},"21":{"start":{"line":79,"column":6},"end":{"line":79,"column":55}},"22":{"start":{"line":80,"column":6},"end":{"line":80,"column":12}},"23":{"start":{"line":84,"column":18},"end":{"line":87,"column":8}},"24":{"start":{"line":88,"column":6},"end":{"line":88,"column":51}},"25":{"start":{"line":89,"column":6},"end":{"line":89,"column":12}},"26":{"start":{"line":93,"column":24},"end":{"line":93,"column":54}},"27":{"start":{"line":94,"column":23},"end":{"line":94,"column":44}},"28":{"start":{"line":95,"column":6},"end":{"line":95,"column":83}},"29":{"start":{"line":96,"column":6},"end":{"line":96,"column":43}},"30":{"start":{"line":97,"column":6},"end":{"line":97,"column":12}},"31":{"start":{"line":101,"column":6},"end":{"line":101,"column":60}},"32":{"start":{"line":113,"column":19},"end":{"line":113,"column":65}},"33":{"start":{"line":115,"column":2},"end":{"line":117,"column":3}},"34":{"start":{"line":116,"column":4},"end":{"line":116,"column":62}},"35":{"start":{"line":118,"column":2},"end":{"line":120,"column":3}},"36":{"start":{"line":119,"column":4},"end":{"line":119,"column":67}},"37":{"start":{"line":121,"column":2},"end":{"line":123,"column":3}},"38":{"start":{"line":122,"column":4},"end":{"line":122,"column":61}},"39":{"start":{"line":125,"column":15},"end":{"line":125,"column":49}},"40":{"start":{"line":127,"column":20},"end":{"line":127,"column":61}},"41":{"start":{"line":128,"column":19},"end":{"line":128,"column":68}},"42":{"start":{"line":129,"column":21},"end":{"line":129,"column":72}},"43":{"start":{"line":131,"column":2},"end":{"line":131,"column":32}},"44":{"start":{"line":132,"column":2},"end":{"line":132,"column":45}},"45":{"start":{"line":134,"column":2},"end":{"line":134,"column":47}},"46":{"start":{"line":143,"column":73},"end":{"line":143,"column":80}},"47":{"start":{"line":145,"column":2},"end":{"line":148,"column":3}},"48":{"start":{"line":146,"column":4},"end":{"line":146,"column":86}},"49":{"start":{"line":147,"column":4},"end":{"line":147,"column":20}},"50":{"start":{"line":150,"column":16},"end":{"line":150,"column":72}},"51":{"start":{"line":152,"column":2},"end":{"line":213,"column":3}},"52":{"start":{"line":154,"column":20},"end":{"line":154,"column":56}},"53":{"start":{"line":155,"column":26},"end":{"line":155,"column":65}},"54":{"start":{"line":156,"column":18},"end":{"line":156,"column":100}},"55":{"start":{"line":159,"column":22},"end":{"line":161,"column":5}},"56":{"start":{"line":160,"column":6},"end":{"line":160,"column":61}},"57":{"start":{"line":163,"column":4},"end":{"line":163,"column":78}},"58":{"start":{"line":165,"column":4},"end":{"line":165,"column":39}},"59":{"start":{"line":165,"column":32},"end":{"line":165,"column":39}},"60":{"start":{"line":167,"column":4},"end":{"line":173,"column":5}},"61":{"start":{"line":168,"column":6},"end":{"line":170,"column":8}},"62":{"start":{"line":169,"column":8},"end":{"line":169,"column":128}},"63":{"start":{"line":171,"column":6},"end":{"line":171,"column":94}},"64":{"start":{"line":172,"column":6},"end":{"line":172,"column":13}},"65":{"start":{"line":175,"column":18},"end":{"line":175,"column":19}},"66":{"start":{"line":176,"column":19},"end":{"line":176,"column":21}},"67":{"start":{"line":178,"column":4},"end":{"line":188,"column":5}},"68":{"start":{"line":179,"column":26},"end":{"line":179,"column":89}},"69":{"start":{"line":180,"column":6},"end":{"line":187,"column":7}},"70":{"start":{"line":181,"column":41},"end":{"line":181,"column":116}},"71":{"start":{"line":182,"column":8},"end":{"line":182,"column":129}},"72":{"start":{"line":183,"column":8},"end":{"line":183,"column":18}},"73":{"start":{"line":185,"column":8},"end":{"line":185,"column":67}},"74":{"start":{"line":186,"column":8},"end":{"line":186,"column":25}},"75":{"start":{"line":190,"column":4},"end":{"line":190,"column":109}},"76":{"start":{"line":194,"column":4},"end":{"line":197,"column":5}},"77":{"start":{"line":195,"column":6},"end":{"line":195,"column":61}},"78":{"start":{"line":196,"column":6},"end":{"line":196,"column":22}},"79":{"start":{"line":199,"column":4},"end":{"line":203,"column":5}},"80":{"start":{"line":200,"column":23},"end":{"line":200,"column":64}},"81":{"start":{"line":201,"column":6},"end":{"line":201,"column":116}},"82":{"start":{"line":202,"column":6},"end":{"line":202,"column":13}},"83":{"start":{"line":205,"column":20},"end":{"line":205,"column":115}},"84":{"start":{"line":206,"column":4},"end":{"line":212,"column":5}},"85":{"start":{"line":207,"column":39},"end":{"line":207,"column":115}},"86":{"start":{"line":208,"column":6},"end":{"line":208,"column":84}},"87":{"start":{"line":210,"column":6},"end":{"line":210,"column":32}},"88":{"start":{"line":211,"column":6},"end":{"line":211,"column":22}},"89":{"start":{"line":221,"column":2},"end":{"line":235,"column":21}}},"fnMap":{"0":{"name":"readFile","decl":{"start":{"line":27,"column":22},"end":{"line":27,"column":30}},"loc":{"start":{"line":27,"column":55},"end":{"line":65,"column":1}},"line":27},"1":{"name":"writeFile","decl":{"start":{"line":73,"column":22},"end":{"line":73,"column":31}},"loc":{"start":{"line":73,"column":64},"end":{"line":103,"column":1}},"line":73},"2":{"name":"convertFile","decl":{"start":{"line":112,"column":22},"end":{"line":112,"column":33}},"loc":{"start":{"line":112,"column":73},"end":{"line":135,"column":1}},"line":112},"3":{"name":"convert","decl":{"start":{"line":142,"column":15},"end":{"line":142,"column":22}},"loc":{"start":{"line":142,"column":39},"end":{"line":214,"column":1}},"line":142},"4":{"name":"(anonymous_4)","decl":{"start":{"line":159,"column":35},"end":{"line":159,"column":36}},"loc":{"start":{"line":160,"column":6},"end":{"line":160,"column":61}},"line":160},"5":{"name":"(anonymous_5)","decl":{"start":{"line":168,"column":24},"end":{"line":168,"column":25}},"loc":{"start":{"line":169,"column":8},"end":{"line":169,"column":128}},"line":169},"6":{"name":"registerConvertCommand","decl":{"start":{"line":220,"column":16},"end":{"line":220,"column":38}},"loc":{"start":{"line":220,"column":48},"end":{"line":236,"column":1}},"line":220}},"branchMap":{"0":{"loc":{"start":{"line":27,"column":41},"end":{"line":27,"column":53}},"type":"default-arg","locations":[{"start":{"line":27,"column":51},"end":{"line":27,"column":53}}],"line":27},"1":{"loc":{"start":{"line":30,"column":2},"end":{"line":64,"column":3}},"type":"switch","locations":[{"start":{"line":31,"column":4},"end":{"line":42,"column":5}},{"start":{"line":44,"column":4},"end":{"line":49,"column":5}},{"start":{"line":51,"column":4},"end":{"line":51,"column":16}},{"start":{"line":52,"column":4},"end":{"line":60,"column":5}},{"start":{"line":62,"column":4},"end":{"line":63,"column":53}}],"line":30},"2":{"loc":{"start":{"line":38,"column":6},"end":{"line":40,"column":7}},"type":"if","locations":[{"start":{"line":38,"column":6},"end":{"line":40,"column":7}},{"start":{},"end":{}}],"line":38},"3":{"loc":{"start":{"line":48,"column":13},"end":{"line":48,"column":69}},"type":"cond-expr","locations":[{"start":{"line":48,"column":37},"end":{"line":48,"column":43}},{"start":{"line":48,"column":46},"end":{"line":48,"column":69}}],"line":48},"4":{"loc":{"start":{"line":48,"column":46},"end":{"line":48,"column":69}},"type":"binary-expr","locations":[{"start":{"line":48,"column":46},"end":{"line":48,"column":57}},{"start":{"line":48,"column":61},"end":{"line":48,"column":69}}],"line":48},"5":{"loc":{"start":{"line":54,"column":24},"end":{"line":54,"column":63}},"type":"binary-expr","locations":[{"start":{"line":54,"column":24},"end":{"line":54,"column":37}},{"start":{"line":54,"column":41},"end":{"line":54,"column":63}}],"line":54},"6":{"loc":{"start":{"line":55,"column":6},"end":{"line":57,"column":7}},"type":"if","locations":[{"start":{"line":55,"column":6},"end":{"line":57,"column":7}},{"start":{},"end":{}}],"line":55},"7":{"loc":{"start":{"line":73,"column":50},"end":{"line":73,"column":62}},"type":"default-arg","locations":[{"start":{"line":73,"column":60},"end":{"line":73,"column":62}}],"line":73},"8":{"loc":{"start":{"line":76,"column":2},"end":{"line":102,"column":3}},"type":"switch","locations":[{"start":{"line":77,"column":4},"end":{"line":81,"column":5}},{"start":{"line":83,"column":4},"end":{"line":90,"column":5}},{"start":{"line":92,"column":4},"end":{"line":98,"column":5}},{"start":{"line":100,"column":4},"end":{"line":101,"column":60}}],"line":76},"9":{"loc":{"start":{"line":78,"column":49},"end":{"line":78,"column":71}},"type":"cond-expr","locations":[{"start":{"line":78,"column":66},"end":{"line":78,"column":67}},{"start":{"line":78,"column":70},"end":{"line":78,"column":71}}],"line":78},"10":{"loc":{"start":{"line":85,"column":16},"end":{"line":85,"column":39}},"type":"binary-expr","locations":[{"start":{"line":85,"column":16},"end":{"line":85,"column":30}},{"start":{"line":85,"column":34},"end":{"line":85,"column":39}}],"line":85},"11":{"loc":{"start":{"line":86,"column":19},"end":{"line":86,"column":43}},"type":"binary-expr","locations":[{"start":{"line":86,"column":19},"end":{"line":86,"column":36}},{"start":{"line":86,"column":40},"end":{"line":86,"column":43}}],"line":86},"12":{"loc":{"start":{"line":95,"column":56},"end":{"line":95,"column":81}},"type":"binary-expr","locations":[{"start":{"line":95,"column":56},"end":{"line":95,"column":69}},{"start":{"line":95,"column":73},"end":{"line":95,"column":81}}],"line":95},"13":{"loc":{"start":{"line":112,"column":59},"end":{"line":112,"column":71}},"type":"default-arg","locations":[{"start":{"line":112,"column":69},"end":{"line":112,"column":71}}],"line":112},"14":{"loc":{"start":{"line":115,"column":2},"end":{"line":117,"column":3}},"type":"if","locations":[{"start":{"line":115,"column":2},"end":{"line":117,"column":3}},{"start":{},"end":{}}],"line":115},"15":{"loc":{"start":{"line":118,"column":2},"end":{"line":120,"column":3}},"type":"if","locations":[{"start":{"line":118,"column":2},"end":{"line":120,"column":3}},{"start":{},"end":{}}],"line":118},"16":{"loc":{"start":{"line":121,"column":2},"end":{"line":123,"column":3}},"type":"if","locations":[{"start":{"line":121,"column":2},"end":{"line":123,"column":3}},{"start":{},"end":{}}],"line":121},"17":{"loc":{"start":{"line":121,"column":6},"end":{"line":121,"column":82}},"type":"binary-expr","locations":[{"start":{"line":121,"column":6},"end":{"line":121,"column":31}},{"start":{"line":121,"column":36},"end":{"line":121,"column":54}},{"start":{"line":121,"column":58},"end":{"line":121,"column":81}}],"line":121},"18":{"loc":{"start":{"line":127,"column":20},"end":{"line":127,"column":61}},"type":"binary-expr","locations":[{"start":{"line":127,"column":20},"end":{"line":127,"column":34}},{"start":{"line":127,"column":38},"end":{"line":127,"column":61}}],"line":127},"19":{"loc":{"start":{"line":145,"column":2},"end":{"line":148,"column":3}},"type":"if","locations":[{"start":{"line":145,"column":2},"end":{"line":148,"column":3}},{"start":{},"end":{}}],"line":145},"20":{"loc":{"start":{"line":150,"column":16},"end":{"line":150,"column":72}},"type":"binary-expr","locations":[{"start":{"line":150,"column":16},"end":{"line":150,"column":36}},{"start":{"line":150,"column":40},"end":{"line":150,"column":72}}],"line":150},"21":{"loc":{"start":{"line":152,"column":2},"end":{"line":213,"column":3}},"type":"if","locations":[{"start":{"line":152,"column":2},"end":{"line":213,"column":3}},{"start":{"line":192,"column":9},"end":{"line":213,"column":3}}],"line":152},"22":{"loc":{"start":{"line":165,"column":4},"end":{"line":165,"column":39}},"type":"if","locations":[{"start":{"line":165,"column":4},"end":{"line":165,"column":39}},{"start":{},"end":{}}],"line":165},"23":{"loc":{"start":{"line":167,"column":4},"end":{"line":173,"column":5}},"type":"if","locations":[{"start":{"line":167,"column":4},"end":{"line":173,"column":5}},{"start":{},"end":{}}],"line":167},"24":{"loc":{"start":{"line":194,"column":4},"end":{"line":197,"column":5}},"type":"if","locations":[{"start":{"line":194,"column":4},"end":{"line":197,"column":5}},{"start":{},"end":{}}],"line":194},"25":{"loc":{"start":{"line":199,"column":4},"end":{"line":203,"column":5}},"type":"if","locations":[{"start":{"line":199,"column":4},"end":{"line":203,"column":5}},{"start":{},"end":{}}],"line":199}},"s":{"0":1,"1":8,"2":8,"3":3,"4":3,"5":3,"6":0,"7":3,"8":4,"9":4,"10":4,"11":0,"12":0,"13":0,"14":0,"15":0,"16":0,"17":1,"18":8,"19":8,"20":4,"21":4,"22":4,"23":3,"24":3,"25":3,"26":0,"27":0,"28":0,"29":0,"30":0,"31":1,"32":6,"33":6,"34":1,"35":5,"36":1,"37":4,"38":1,"39":3,"40":3,"41":3,"42":3,"43":3,"44":3,"45":3,"46":0,"47":0,"48":0,"49":0,"50":0,"51":0,"52":0,"53":0,"54":0,"55":0,"56":0,"57":0,"58":0,"59":0,"60":0,"61":0,"62":0,"63":0,"64":0,"65":0,"66":0,"67":0,"68":0,"69":0,"70":0,"71":0,"72":0,"73":0,"74":0,"75":0,"76":0,"77":0,"78":0,"79":0,"80":0,"81":0,"82":0,"83":0,"84":0,"85":0,"86":0,"87":0,"88":0,"89":0},"f":{"0":8,"1":8,"2":6,"3":0,"4":0,"5":0,"6":0},"b":{"0":[5],"1":[3,4,0,0,1],"2":[0,3],"3":[2,2],"4":[2,1],"5":[0,0],"6":[0,0],"7":[3],"8":[4,3,0,1],"9":[1,3],"10":[3,3],"11":[3,2],"12":[0,0],"13":[5],"14":[1,5],"15":[1,4],"16":[1,3],"17":[4,3,0],"18":[3,2],"19":[0,0],"20":[0,0],"21":[0,0],"22":[0,0],"23":[0,0],"24":[0,0],"25":[0,0]},"inputSourceMap":null,"_coverageSchema":"1a1c01bbd47fc00a2c39e90264f33305004495a9","hash":"b1136e99ef7e42bf790dbb689bc869fdac3b7695"}
,"E:\\project\\npm-package\\src\\commands\\duplicates.js": {"path":"E:\\project\\npm-package\\src\\commands\\duplicates.js","statementMap":{"0":{"start":{"line":27,"column":2},"end":{"line":33,"column":5}},"1":{"start":{"line":28,"column":17},"end":{"line":28,"column":41}},"2":{"start":{"line":29,"column":19},"end":{"line":29,"column":48}},"3":{"start":{"line":30,"column":4},"end":{"line":30,"column":51}},"4":{"start":{"line":30,"column":31},"end":{"line":30,"column":49}},"5":{"start":{"line":31,"column":4},"end":{"line":31,"column":56}},"6":{"start":{"line":31,"column":27},"end":{"line":31,"column":54}},"7":{"start":{"line":32,"column":4},"end":{"line":32,"column":31}},"8":{"start":{"line":45,"column":18},"end":{"line":45,"column":27}},"9":{"start":{"line":46,"column":2},"end":{"line":54,"column":3}},"10":{"start":{"line":47,"column":4},"end":{"line":53,"column":5}},"11":{"start":{"line":48,"column":23},"end":{"line":48,"column":40}},"12":{"start":{"line":49,"column":6},"end":{"line":49,"column":52}},"13":{"start":{"line":49,"column":30},"end":{"line":49,"column":52}},"14":{"start":{"line":50,"column":6},"end":{"line":50,"column":35}},"15":{"start":{"line":57,"column":21},"end":{"line":57,"column":75}},"16":{"start":{"line":57,"column":55},"end":{"line":57,"column":67}},"17":{"start":{"line":59,"column":18},"end":{"line":59,"column":27}},"18":{"start":{"line":61,"column":2},"end":{"line":70,"column":3}},"19":{"start":{"line":61,"column":15},"end":{"line":61,"column":16}},"20":{"start":{"line":62,"column":4},"end":{"line":62,"column":68}},"21":{"start":{"line":63,"column":4},"end":{"line":69,"column":5}},"22":{"start":{"line":64,"column":19},"end":{"line":64,"column":48}},"23":{"start":{"line":65,"column":6},"end":{"line":65,"column":52}},"24":{"start":{"line":65,"column":30},"end":{"line":65,"column":52}},"25":{"start":{"line":66,"column":6},"end":{"line":66,"column":44}},"26":{"start":{"line":72,"column":2},"end":{"line":72,"column":65}},"27":{"start":{"line":72,"column":47},"end":{"line":72,"column":63}},"28":{"start":{"line":81,"column":78},"end":{"line":81,"column":85}},"29":{"start":{"line":83,"column":2},"end":{"line":86,"column":3}},"30":{"start":{"line":84,"column":4},"end":{"line":84,"column":68}},"31":{"start":{"line":85,"column":4},"end":{"line":85,"column":20}},"32":{"start":{"line":88,"column":25},"end":{"line":88,"column":68}},"33":{"start":{"line":89,"column":18},"end":{"line":91,"column":27}},"34":{"start":{"line":93,"column":18},"end":{"line":93,"column":50}},"35":{"start":{"line":94,"column":16},"end":{"line":94,"column":52}},"36":{"start":{"line":95,"column":2},"end":{"line":95,"column":68}},"37":{"start":{"line":97,"column":17},"end":{"line":97,"column":58}},"38":{"start":{"line":98,"column":2},"end":{"line":98,"column":91}},"39":{"start":{"line":100,"column":2},"end":{"line":103,"column":3}},"40":{"start":{"line":101,"column":4},"end":{"line":101,"column":60}},"41":{"start":{"line":102,"column":4},"end":{"line":102,"column":11}},"42":{"start":{"line":106,"column":20},"end":{"line":106,"column":21}},"43":{"start":{"line":107,"column":16},"end":{"line":110,"column":4}},"44":{"start":{"line":112,"column":2},"end":{"line":125,"column":5}},"45":{"start":{"line":113,"column":18},"end":{"line":113,"column":39}},"46":{"start":{"line":114,"column":18},"end":{"line":114,"column":49}},"47":{"start":{"line":115,"column":4},"end":{"line":115,"column":25}},"48":{"start":{"line":117,"column":4},"end":{"line":123,"column":7}},"49":{"start":{"line":118,"column":6},"end":{"line":122,"column":9}},"50":{"start":{"line":124,"column":4},"end":{"line":124,"column":44}},"51":{"start":{"line":127,"column":2},"end":{"line":127,"column":39}},"52":{"start":{"line":128,"column":2},"end":{"line":128,"column":77}},"53":{"start":{"line":130,"column":2},"end":{"line":133,"column":3}},"54":{"start":{"line":131,"column":4},"end":{"line":131,"column":109}},"55":{"start":{"line":132,"column":4},"end":{"line":132,"column":11}},"56":{"start":{"line":136,"column":19},"end":{"line":136,"column":58}},"57":{"start":{"line":136,"column":43},"end":{"line":136,"column":57}},"58":{"start":{"line":138,"column":2},"end":{"line":141,"column":3}},"59":{"start":{"line":139,"column":4},"end":{"line":139,"column":121}},"60":{"start":{"line":140,"column":4},"end":{"line":140,"column":11}},"61":{"start":{"line":143,"column":24},"end":{"line":143,"column":85}},"62":{"start":{"line":144,"column":16},"end":{"line":144,"column":17}},"63":{"start":{"line":146,"column":2},"end":{"line":153,"column":3}},"64":{"start":{"line":147,"column":4},"end":{"line":152,"column":5}},"65":{"start":{"line":148,"column":6},"end":{"line":148,"column":28}},"66":{"start":{"line":149,"column":6},"end":{"line":149,"column":16}},"67":{"start":{"line":151,"column":6},"end":{"line":151,"column":79}},"68":{"start":{"line":155,"column":2},"end":{"line":155,"column":122}},"69":{"start":{"line":163,"column":2},"end":{"line":174,"column":28}}},"fnMap":{"0":{"name":"hashFile","decl":{"start":{"line":26,"column":22},"end":{"line":26,"column":30}},"loc":{"start":{"line":26,"column":41},"end":{"line":34,"column":1}},"line":26},"1":{"name":"(anonymous_1)","decl":{"start":{"line":27,"column":21},"end":{"line":27,"column":22}},"loc":{"start":{"line":27,"column":42},"end":{"line":33,"column":3}},"line":27},"2":{"name":"(anonymous_2)","decl":{"start":{"line":30,"column":22},"end":{"line":30,"column":23}},"loc":{"start":{"line":30,"column":31},"end":{"line":30,"column":49}},"line":30},"3":{"name":"(anonymous_3)","decl":{"start":{"line":31,"column":21},"end":{"line":31,"column":22}},"loc":{"start":{"line":31,"column":27},"end":{"line":31,"column":54}},"line":31},"4":{"name":"findDuplicateGroups","decl":{"start":{"line":43,"column":22},"end":{"line":43,"column":41}},"loc":{"start":{"line":43,"column":58},"end":{"line":73,"column":1}},"line":43},"5":{"name":"(anonymous_5)","decl":{"start":{"line":57,"column":50},"end":{"line":57,"column":51}},"loc":{"start":{"line":57,"column":55},"end":{"line":57,"column":67}},"line":57},"6":{"name":"(anonymous_6)","decl":{"start":{"line":72,"column":38},"end":{"line":72,"column":39}},"loc":{"start":{"line":72,"column":47},"end":{"line":72,"column":63}},"line":72},"7":{"name":"findDuplicates","decl":{"start":{"line":80,"column":15},"end":{"line":80,"column":29}},"loc":{"start":{"line":80,"column":50},"end":{"line":156,"column":1}},"line":80},"8":{"name":"(anonymous_8)","decl":{"start":{"line":112,"column":17},"end":{"line":112,"column":18}},"loc":{"start":{"line":112,"column":26},"end":{"line":125,"column":3}},"line":112},"9":{"name":"(anonymous_9)","decl":{"start":{"line":117,"column":18},"end":{"line":117,"column":19}},"loc":{"start":{"line":117,"column":31},"end":{"line":123,"column":5}},"line":117},"10":{"name":"(anonymous_10)","decl":{"start":{"line":136,"column":34},"end":{"line":136,"column":35}},"loc":{"start":{"line":136,"column":43},"end":{"line":136,"column":57}},"line":136},"11":{"name":"registerDuplicatesCommand","decl":{"start":{"line":162,"column":16},"end":{"line":162,"column":41}},"loc":{"start":{"line":162,"column":51},"end":{"line":175,"column":1}},"line":162}},"branchMap":{"0":{"loc":{"start":{"line":49,"column":6},"end":{"line":49,"column":52}},"type":"if","locations":[{"start":{"line":49,"column":6},"end":{"line":49,"column":52}},{"start":{},"end":{}}],"line":49},"1":{"loc":{"start":{"line":65,"column":6},"end":{"line":65,"column":52}},"type":"if","locations":[{"start":{"line":65,"column":6},"end":{"line":65,"column":52}},{"start":{},"end":{}}],"line":65},"2":{"loc":{"start":{"line":81,"column":10},"end":{"line":81,"column":27}},"type":"default-arg","locations":[{"start":{"line":81,"column":22},"end":{"line":81,"column":27}}],"line":81},"3":{"loc":{"start":{"line":81,"column":37},"end":{"line":81,"column":57}},"type":"default-arg","locations":[{"start":{"line":81,"column":52},"end":{"line":81,"column":57}}],"line":81},"4":{"loc":{"start":{"line":81,"column":59},"end":{"line":81,"column":73}},"type":"default-arg","locations":[{"start":{"line":81,"column":68},"end":{"line":81,"column":73}}],"line":81},"5":{"loc":{"start":{"line":83,"column":2},"end":{"line":86,"column":3}},"type":"if","locations":[{"start":{"line":83,"column":2},"end":{"line":86,"column":3}},{"start":{},"end":{}}],"line":83},"6":{"loc":{"start":{"line":89,"column":18},"end":{"line":91,"column":27}},"type":"cond-expr","locations":[{"start":{"line":90,"column":6},"end":{"line":90,"column":30}},{"start":{"line":91,"column":6},"end":{"line":91,"column":27}}],"line":89},"7":{"loc":{"start":{"line":100,"column":2},"end":{"line":103,"column":3}},"type":"if","locations":[{"start":{"line":100,"column":2},"end":{"line":103,"column":3}},{"start":{},"end":{}}],"line":100},"8":{"loc":{"start":{"line":119,"column":9},"end":{"line":119,"column":54}},"type":"cond-expr","locations":[{"start":{"line":119,"column":19},"end":{"line":119,"column":36}},{"start":{"line":119,"column":39},"end":{"line":119,"column":54}}],"line":119},"9":{"loc":{"start":{"line":120,"column":8},"end":{"line":120,"column":46}},"type":"cond-expr","locations":[{"start":{"line":120,"column":18},"end":{"line":120,"column":41}},{"start":{"line":120,"column":44},"end":{"line":120,"column":46}}],"line":120},"10":{"loc":{"start":{"line":121,"column":8},"end":{"line":121,"column":43}},"type":"cond-expr","locations":[{"start":{"line":121,"column":18},"end":{"line":121,"column":38}},{"start":{"line":121,"column":41},"end":{"line":121,"column":43}}],"line":121},"11":{"loc":{"start":{"line":130,"column":2},"end":{"line":133,"column":3}},"type":"if","locations":[{"start":{"line":130,"column":2},"end":{"line":133,"column":3}},{"start":{},"end":{}}],"line":130},"12":{"loc":{"start":{"line":138,"column":2},"end":{"line":141,"column":3}},"type":"if","locations":[{"start":{"line":138,"column":2},"end":{"line":141,"column":3}},{"start":{},"end":{}}],"line":138}},"s":{"0":0,"1":0,"2":0,"3":0,"4":0,"5":0,"6":0,"7":0,"8":0,"9":0,"10":0,"11":0,"12":0,"13":0,"14":0,"15":0,"16":0,"17":0,"18":0,"19":0,"20":0,"21":0,"22":0,"23":0,"24":0,"25":0,"26":0,"27":0,"28":0,"29":0,"30":0,"31":0,"32":0,"33":0,"34":0,"35":0,"36":0,"37":0,"38":0,"39":0,"40":0,"41":0,"42":0,"43":0,"44":0,"45":0,"46":0,"47":0,"48":0,"49":0,"50":0,"51":0,"52":0,"53":0,"54":0,"55":0,"56":0,"57":0,"58":0,"59":0,"60":0,"61":0,"62":0,"63":0,"64":0,"65":0,"66":0,"67":0,"68":0,"69":0},"f":{"0":0,"1":0,"2":0,"3":0,"4":0,"5":0,"6":0,"7":0,"8":0,"9":0,"10":0,"11":0},"b":{"0":[0,0],"1":[0,0],"2":[0],"3":[0],"4":[0],"5":[0,0],"6":[0,0],"7":[0,0],"8":[0,0],"9":[0,0],"10":[0,0],"11":[0,0],"12":[0,0]},"inputSourceMap":null}
,"E:\\project\\npm-package\\src\\commands\\organize.js": {"path":"E:\\project\\npm-package\\src\\commands\\organize.js","statementMap":{"0":{"start":{"line":19,"column":31},"end":{"line":28,"column":1}},"1":{"start":{"line":36,"column":19},"end":{"line":36,"column":36}},"2":{"start":{"line":37,"column":2},"end":{"line":39,"column":3}},"3":{"start":{"line":38,"column":4},"end":{"line":38,"column":55}},"4":{"start":{"line":38,"column":39},"end":{"line":38,"column":55}},"5":{"start":{"line":40,"column":2},"end":{"line":40,"column":18}},"6":{"start":{"line":50,"column":14},"end":{"line":50,"column":36}},"7":{"start":{"line":51,"column":16},"end":{"line":51,"column":37}},"8":{"start":{"line":53,"column":2},"end":{"line":68,"column":3}},"9":{"start":{"line":55,"column":19},"end":{"line":55,"column":37}},"10":{"start":{"line":56,"column":6},"end":{"line":56,"column":85}},"11":{"start":{"line":59,"column":20},"end":{"line":59,"column":30}},"12":{"start":{"line":60,"column":6},"end":{"line":60,"column":60}},"13":{"start":{"line":60,"column":37},"end":{"line":60,"column":60}},"14":{"start":{"line":61,"column":6},"end":{"line":61,"column":62}},"15":{"start":{"line":61,"column":37},"end":{"line":61,"column":62}},"16":{"start":{"line":62,"column":6},"end":{"line":62,"column":63}},"17":{"start":{"line":62,"column":37},"end":{"line":62,"column":63}},"18":{"start":{"line":63,"column":6},"end":{"line":63,"column":30}},"19":{"start":{"line":67,"column":6},"end":{"line":67,"column":41}},"20":{"start":{"line":77,"column":74},"end":{"line":77,"column":81}},"21":{"start":{"line":80,"column":2},"end":{"line":83,"column":3}},"22":{"start":{"line":81,"column":4},"end":{"line":81,"column":68}},"23":{"start":{"line":82,"column":4},"end":{"line":82,"column":20}},"24":{"start":{"line":85,"column":18},"end":{"line":85,"column":78}},"25":{"start":{"line":88,"column":25},"end":{"line":88,"column":68}},"26":{"start":{"line":89,"column":18},"end":{"line":91,"column":27}},"27":{"start":{"line":93,"column":16},"end":{"line":93,"column":52}},"28":{"start":{"line":94,"column":2},"end":{"line":94,"column":61}},"29":{"start":{"line":96,"column":2},"end":{"line":99,"column":3}},"30":{"start":{"line":97,"column":4},"end":{"line":97,"column":55}},"31":{"start":{"line":98,"column":4},"end":{"line":98,"column":11}},"32":{"start":{"line":102,"column":16},"end":{"line":102,"column":18}},"33":{"start":{"line":103,"column":2},"end":{"line":112,"column":3}},"34":{"start":{"line":104,"column":19},"end":{"line":104,"column":59}},"35":{"start":{"line":105,"column":20},"end":{"line":105,"column":48}},"36":{"start":{"line":106,"column":21},"end":{"line":106,"column":64}},"37":{"start":{"line":109,"column":4},"end":{"line":109,"column":81}},"38":{"start":{"line":109,"column":72},"end":{"line":109,"column":81}},"39":{"start":{"line":111,"column":4},"end":{"line":111,"column":57}},"40":{"start":{"line":114,"column":2},"end":{"line":117,"column":3}},"41":{"start":{"line":115,"column":4},"end":{"line":115,"column":67}},"42":{"start":{"line":116,"column":4},"end":{"line":116,"column":11}},"43":{"start":{"line":120,"column":2},"end":{"line":127,"column":3}},"44":{"start":{"line":121,"column":4},"end":{"line":121,"column":74}},"45":{"start":{"line":122,"column":4},"end":{"line":124,"column":7}},"46":{"start":{"line":123,"column":6},"end":{"line":123,"column":104}},"47":{"start":{"line":125,"column":4},"end":{"line":125,"column":81}},"48":{"start":{"line":126,"column":4},"end":{"line":126,"column":11}},"49":{"start":{"line":130,"column":22},"end":{"line":130,"column":56}},"50":{"start":{"line":131,"column":18},"end":{"line":131,"column":56}},"51":{"start":{"line":133,"column":2},"end":{"line":155,"column":3}},"52":{"start":{"line":134,"column":4},"end":{"line":154,"column":5}},"53":{"start":{"line":135,"column":6},"end":{"line":135,"column":43}},"54":{"start":{"line":138,"column":22},"end":{"line":138,"column":24}},"55":{"start":{"line":139,"column":6},"end":{"line":144,"column":7}},"56":{"start":{"line":140,"column":20},"end":{"line":140,"column":36}},"57":{"start":{"line":141,"column":21},"end":{"line":141,"column":43}},"58":{"start":{"line":142,"column":8},"end":{"line":142,"column":79}},"59":{"start":{"line":143,"column":8},"end":{"line":143,"column":26}},"60":{"start":{"line":146,"column":6},"end":{"line":146,"column":37}},"61":{"start":{"line":147,"column":6},"end":{"line":147,"column":24}},"62":{"start":{"line":149,"column":6},"end":{"line":151,"column":7}},"63":{"start":{"line":150,"column":8},"end":{"line":150,"column":96}},"64":{"start":{"line":153,"column":6},"end":{"line":153,"column":62}},"65":{"start":{"line":157,"column":2},"end":{"line":157,"column":42}},"66":{"start":{"line":160,"column":2},"end":{"line":164,"column":5}},"67":{"start":{"line":166,"column":2},"end":{"line":171,"column":3}},"68":{"start":{"line":167,"column":4},"end":{"line":167,"column":40}},"69":{"start":{"line":168,"column":4},"end":{"line":170,"column":7}},"70":{"start":{"line":169,"column":6},"end":{"line":169,"column":41}},"71":{"start":{"line":179,"column":2},"end":{"line":192,"column":27}}},"fnMap":{"0":{"name":"getCategoryByExtension","decl":{"start":{"line":35,"column":16},"end":{"line":35,"column":38}},"loc":{"start":{"line":35,"column":44},"end":{"line":41,"column":1}},"line":35},"1":{"name":"getDestinationFolder","decl":{"start":{"line":49,"column":16},"end":{"line":49,"column":36}},"loc":{"start":{"line":49,"column":57},"end":{"line":69,"column":1}},"line":49},"2":{"name":"organizeFiles","decl":{"start":{"line":76,"column":22},"end":{"line":76,"column":35}},"loc":{"start":{"line":76,"column":56},"end":{"line":172,"column":1}},"line":76},"3":{"name":"(anonymous_3)","decl":{"start":{"line":122,"column":18},"end":{"line":122,"column":19}},"loc":{"start":{"line":122,"column":36},"end":{"line":124,"column":5}},"line":122},"4":{"name":"(anonymous_4)","decl":{"start":{"line":168,"column":27},"end":{"line":168,"column":28}},"loc":{"start":{"line":168,"column":48},"end":{"line":170,"column":5}},"line":168},"5":{"name":"registerOrganizeCommand","decl":{"start":{"line":178,"column":16},"end":{"line":178,"column":39}},"loc":{"start":{"line":178,"column":49},"end":{"line":193,"column":1}},"line":178}},"branchMap":{"0":{"loc":{"start":{"line":38,"column":4},"end":{"line":38,"column":55}},"type":"if","locations":[{"start":{"line":38,"column":4},"end":{"line":38,"column":55}},{"start":{},"end":{}}],"line":38},"1":{"loc":{"start":{"line":53,"column":2},"end":{"line":68,"column":3}},"type":"switch","locations":[{"start":{"line":54,"column":4},"end":{"line":57,"column":5}},{"start":{"line":58,"column":4},"end":{"line":64,"column":5}},{"start":{"line":65,"column":4},"end":{"line":65,"column":21}},{"start":{"line":66,"column":4},"end":{"line":67,"column":41}}],"line":53},"2":{"loc":{"start":{"line":60,"column":6},"end":{"line":60,"column":60}},"type":"if","locations":[{"start":{"line":60,"column":6},"end":{"line":60,"column":60}},{"start":{},"end":{}}],"line":60},"3":{"loc":{"start":{"line":61,"column":6},"end":{"line":61,"column":62}},"type":"if","locations":[{"start":{"line":61,"column":6},"end":{"line":61,"column":62}},{"start":{},"end":{}}],"line":61},"4":{"loc":{"start":{"line":62,"column":6},"end":{"line":62,"column":63}},"type":"if","locations":[{"start":{"line":62,"column":6},"end":{"line":62,"column":63}},{"start":{},"end":{}}],"line":62},"5":{"loc":{"start":{"line":77,"column":14},"end":{"line":77,"column":36}},"type":"default-arg","locations":[{"start":{"line":77,"column":25},"end":{"line":77,"column":36}}],"line":77},"6":{"loc":{"start":{"line":77,"column":38},"end":{"line":77,"column":52}},"type":"default-arg","locations":[{"start":{"line":77,"column":47},"end":{"line":77,"column":52}}],"line":77},"7":{"loc":{"start":{"line":77,"column":54},"end":{"line":77,"column":69}},"type":"default-arg","locations":[{"start":{"line":77,"column":64},"end":{"line":77,"column":69}}],"line":77},"8":{"loc":{"start":{"line":80,"column":2},"end":{"line":83,"column":3}},"type":"if","locations":[{"start":{"line":80,"column":2},"end":{"line":83,"column":3}},{"start":{},"end":{}}],"line":80},"9":{"loc":{"start":{"line":89,"column":18},"end":{"line":91,"column":27}},"type":"cond-expr","locations":[{"start":{"line":90,"column":6},"end":{"line":90,"column":30}},{"start":{"line":91,"column":6},"end":{"line":91,"column":27}}],"line":89},"10":{"loc":{"start":{"line":96,"column":2},"end":{"line":99,"column":3}},"type":"if","locations":[{"start":{"line":96,"column":2},"end":{"line":99,"column":3}},{"start":{},"end":{}}],"line":96},"11":{"loc":{"start":{"line":109,"column":4},"end":{"line":109,"column":81}},"type":"if","locations":[{"start":{"line":109,"column":4},"end":{"line":109,"column":81}},{"start":{},"end":{}}],"line":109},"12":{"loc":{"start":{"line":114,"column":2},"end":{"line":117,"column":3}},"type":"if","locations":[{"start":{"line":114,"column":2},"end":{"line":117,"column":3}},{"start":{},"end":{}}],"line":114},"13":{"loc":{"start":{"line":120,"column":2},"end":{"line":127,"column":3}},"type":"if","locations":[{"start":{"line":120,"column":2},"end":{"line":127,"column":3}},{"start":{},"end":{}}],"line":120},"14":{"loc":{"start":{"line":139,"column":6},"end":{"line":144,"column":7}},"type":"if","locations":[{"start":{"line":139,"column":6},"end":{"line":144,"column":7}},{"start":{},"end":{}}],"line":139},"15":{"loc":{"start":{"line":149,"column":6},"end":{"line":151,"column":7}},"type":"if","locations":[{"start":{"line":149,"column":6},"end":{"line":151,"column":7}},{"start":{},"end":{}}],"line":149},"16":{"loc":{"start":{"line":166,"column":2},"end":{"line":171,"column":3}},"type":"if","locations":[{"start":{"line":166,"column":2},"end":{"line":171,"column":3}},{"start":{},"end":{}}],"line":166},"17":{"loc":{"start":{"line":166,"column":6},"end":{"line":166,"column":42}},"type":"binary-expr","locations":[{"start":{"line":166,"column":6},"end":{"line":166,"column":31}},{"start":{"line":166,"column":35},"end":{"line":166,"column":42}}],"line":166}},"s":{"0":1,"1":91,"2":91,"3":390,"4":88,"5":3,"6":11,"7":11,"8":11,"9":1,"10":1,"11":3,"12":3,"13":1,"14":2,"15":1,"16":1,"17":1,"18":0,"19":7,"20":5,"21":5,"22":0,"23":0,"24":5,"25":5,"26":5,"27":5,"28":5,"29":5,"30":2,"31":2,"32":3,"33":3,"34":5,"35":5,"36":5,"37":5,"38":0,"39":5,"40":3,"41":0,"42":0,"43":3,"44":1,"45":1,"46":1,"47":1,"48":1,"49":2,"50":2,"51":2,"52":4,"53":4,"54":4,"55":4,"56":1,"57":1,"58":1,"59":1,"60":4,"61":4,"62":4,"63":0,"64":0,"65":2,"66":2,"67":2,"68":0,"69":0,"70":0,"71":0},"f":{"0":91,"1":11,"2":5,"3":1,"4":0,"5":0},"b":{"0":[88,302],"1":[1,3,6,7],"2":[1,2],"3":[1,1],"4":[1,0],"5":[0],"6":[0],"7":[0],"8":[0,5],"9":[0,5],"10":[2,3],"11":[0,5],"12":[0,3],"13":[1,2],"14":[1,3],"15":[0,4],"16":[0,2],"17":[2,0]},"inputSourceMap":null,"_coverageSchema":"1a1c01bbd47fc00a2c39e90264f33305004495a9","hash":"1a971b3b7a93736dd08c8aa9e000ff20ee620093"}
,"E:\\project\\npm-package\\src\\commands\\rename.js": {"path":"E:\\project\\npm-package\\src\\commands\\rename.js","statementMap":{"0":{"start":{"line":34,"column":16},"end":{"line":34,"column":33}},"1":{"start":{"line":35,"column":14},"end":{"line":35,"column":41}},"2":{"start":{"line":36,"column":15},"end":{"line":36,"column":54}},"3":{"start":{"line":37,"column":15},"end":{"line":37,"column":60}},"4":{"start":{"line":38,"column":20},"end":{"line":38,"column":44}},"5":{"start":{"line":40,"column":2},"end":{"line":46,"column":40}},"6":{"start":{"line":45,"column":43},"end":{"line":45,"column":89}},"7":{"start":{"line":56,"column":14},"end":{"line":56,"column":36}},"8":{"start":{"line":57,"column":15},"end":{"line":57,"column":43}},"9":{"start":{"line":59,"column":2},"end":{"line":72,"column":3}},"10":{"start":{"line":60,"column":19},"end":{"line":60,"column":51}},"11":{"start":{"line":61,"column":19},"end":{"line":61,"column":51}},"12":{"start":{"line":62,"column":19},"end":{"line":62,"column":75}},"13":{"start":{"line":63,"column":19},"end":{"line":63,"column":75}},"14":{"start":{"line":65,"column":20},"end":{"line":65,"column":41}},"15":{"start":{"line":66,"column":6},"end":{"line":69,"column":23}},"16":{"start":{"line":66,"column":33},"end":{"line":68,"column":62}},"17":{"start":{"line":71,"column":13},"end":{"line":71,"column":29}},"18":{"start":{"line":81,"column":85},"end":{"line":81,"column":92}},"19":{"start":{"line":83,"column":2},"end":{"line":86,"column":3}},"20":{"start":{"line":84,"column":4},"end":{"line":84,"column":68}},"21":{"start":{"line":85,"column":4},"end":{"line":85,"column":20}},"22":{"start":{"line":89,"column":2},"end":{"line":92,"column":3}},"23":{"start":{"line":90,"column":4},"end":{"line":90,"column":102}},"24":{"start":{"line":91,"column":4},"end":{"line":91,"column":20}},"25":{"start":{"line":94,"column":18},"end":{"line":94,"column":50}},"26":{"start":{"line":97,"column":25},"end":{"line":97,"column":68}},"27":{"start":{"line":98,"column":22},"end":{"line":100,"column":27}},"28":{"start":{"line":102,"column":16},"end":{"line":102,"column":56}},"29":{"start":{"line":103,"column":2},"end":{"line":103,"column":61}},"30":{"start":{"line":105,"column":2},"end":{"line":105,"column":33}},"31":{"start":{"line":105,"column":26},"end":{"line":105,"column":33}},"32":{"start":{"line":108,"column":18},"end":{"line":108,"column":20}},"33":{"start":{"line":109,"column":18},"end":{"line":109,"column":20}},"34":{"start":{"line":111,"column":2},"end":{"line":145,"column":3}},"35":{"start":{"line":111,"column":15},"end":{"line":111,"column":16}},"36":{"start":{"line":112,"column":17},"end":{"line":112,"column":25}},"37":{"start":{"line":113,"column":16},"end":{"line":113,"column":34}},"38":{"start":{"line":114,"column":18},"end":{"line":114,"column":37}},"39":{"start":{"line":116,"column":4},"end":{"line":119,"column":5}},"40":{"start":{"line":117,"column":18},"end":{"line":117,"column":36}},"41":{"start":{"line":118,"column":6},"end":{"line":118,"column":93}},"42":{"start":{"line":121,"column":4},"end":{"line":123,"column":5}},"43":{"start":{"line":122,"column":6},"end":{"line":122,"column":50}},"44":{"start":{"line":125,"column":4},"end":{"line":127,"column":5}},"45":{"start":{"line":126,"column":6},"end":{"line":126,"column":45}},"46":{"start":{"line":129,"column":4},"end":{"line":129,"column":50}},"47":{"start":{"line":129,"column":41},"end":{"line":129,"column":50}},"48":{"start":{"line":131,"column":21},"end":{"line":131,"column":44}},"49":{"start":{"line":134,"column":4},"end":{"line":137,"column":5}},"50":{"start":{"line":135,"column":6},"end":{"line":135,"column":40}},"51":{"start":{"line":136,"column":6},"end":{"line":136,"column":15}},"52":{"start":{"line":139,"column":4},"end":{"line":144,"column":7}},"53":{"start":{"line":147,"column":2},"end":{"line":150,"column":3}},"54":{"start":{"line":148,"column":4},"end":{"line":148,"column":101}},"55":{"start":{"line":149,"column":4},"end":{"line":149,"column":66}},"56":{"start":{"line":149,"column":28},"end":{"line":149,"column":64}},"57":{"start":{"line":152,"column":2},"end":{"line":155,"column":3}},"58":{"start":{"line":153,"column":4},"end":{"line":153,"column":56}},"59":{"start":{"line":154,"column":4},"end":{"line":154,"column":11}},"60":{"start":{"line":158,"column":16},"end":{"line":161,"column":4}},"61":{"start":{"line":162,"column":2},"end":{"line":162,"column":89}},"62":{"start":{"line":162,"column":57},"end":{"line":162,"column":87}},"63":{"start":{"line":163,"column":2},"end":{"line":163,"column":95}},"64":{"start":{"line":163,"column":27},"end":{"line":163,"column":95}},"65":{"start":{"line":165,"column":2},"end":{"line":165,"column":39}},"66":{"start":{"line":167,"column":2},"end":{"line":170,"column":3}},"67":{"start":{"line":168,"column":4},"end":{"line":168,"column":88}},"68":{"start":{"line":169,"column":4},"end":{"line":169,"column":11}},"69":{"start":{"line":173,"column":24},"end":{"line":173,"column":74}},"70":{"start":{"line":174,"column":16},"end":{"line":174,"column":17}},"71":{"start":{"line":175,"column":17},"end":{"line":175,"column":19}},"72":{"start":{"line":177,"column":2},"end":{"line":184,"column":3}},"73":{"start":{"line":178,"column":4},"end":{"line":183,"column":5}},"74":{"start":{"line":179,"column":6},"end":{"line":179,"column":32}},"75":{"start":{"line":180,"column":6},"end":{"line":180,"column":16}},"76":{"start":{"line":182,"column":6},"end":{"line":182,"column":54}},"77":{"start":{"line":186,"column":2},"end":{"line":186,"column":79}},"78":{"start":{"line":187,"column":2},"end":{"line":189,"column":3}},"79":{"start":{"line":188,"column":4},"end":{"line":188,"column":65}},"80":{"start":{"line":197,"column":2},"end":{"line":212,"column":25}}},"fnMap":{"0":{"name":"applyTemplate","decl":{"start":{"line":33,"column":16},"end":{"line":33,"column":29}},"loc":{"start":{"line":33,"column":53},"end":{"line":47,"column":1}},"line":33},"1":{"name":"(anonymous_1)","decl":{"start":{"line":45,"column":31},"end":{"line":45,"column":32}},"loc":{"start":{"line":45,"column":43},"end":{"line":45,"column":89}},"line":45},"2":{"name":"applyCase","decl":{"start":{"line":55,"column":16},"end":{"line":55,"column":25}},"loc":{"start":{"line":55,"column":46},"end":{"line":73,"column":1}},"line":55},"3":{"name":"(anonymous_3)","decl":{"start":{"line":66,"column":23},"end":{"line":66,"column":24}},"loc":{"start":{"line":66,"column":33},"end":{"line":68,"column":62}},"line":66},"4":{"name":"renameFiles","decl":{"start":{"line":80,"column":22},"end":{"line":80,"column":33}},"loc":{"start":{"line":80,"column":54},"end":{"line":190,"column":1}},"line":80},"5":{"name":"(anonymous_5)","decl":{"start":{"line":149,"column":20},"end":{"line":149,"column":21}},"loc":{"start":{"line":149,"column":28},"end":{"line":149,"column":64}},"line":149},"6":{"name":"(anonymous_6)","decl":{"start":{"line":162,"column":31},"end":{"line":162,"column":32}},"loc":{"start":{"line":162,"column":57},"end":{"line":162,"column":87}},"line":162},"7":{"name":"registerRenameCommand","decl":{"start":{"line":196,"column":16},"end":{"line":196,"column":37}},"loc":{"start":{"line":196,"column":47},"end":{"line":213,"column":1}},"line":196}},"branchMap":{"0":{"loc":{"start":{"line":59,"column":2},"end":{"line":72,"column":3}},"type":"switch","locations":[{"start":{"line":60,"column":4},"end":{"line":60,"column":51}},{"start":{"line":61,"column":4},"end":{"line":61,"column":51}},{"start":{"line":62,"column":4},"end":{"line":62,"column":75}},{"start":{"line":63,"column":4},"end":{"line":63,"column":75}},{"start":{"line":64,"column":4},"end":{"line":70,"column":5}},{"start":{"line":71,"column":4},"end":{"line":71,"column":29}}],"line":59},"1":{"loc":{"start":{"line":66,"column":33},"end":{"line":68,"column":62}},"type":"cond-expr","locations":[{"start":{"line":67,"column":10},"end":{"line":67,"column":25}},{"start":{"line":68,"column":10},"end":{"line":68,"column":62}}],"line":66},"2":{"loc":{"start":{"line":81,"column":50},"end":{"line":81,"column":64}},"type":"default-arg","locations":[{"start":{"line":81,"column":59},"end":{"line":81,"column":64}}],"line":81},"3":{"loc":{"start":{"line":83,"column":2},"end":{"line":86,"column":3}},"type":"if","locations":[{"start":{"line":83,"column":2},"end":{"line":86,"column":3}},{"start":{},"end":{}}],"line":83},"4":{"loc":{"start":{"line":89,"column":2},"end":{"line":92,"column":3}},"type":"if","locations":[{"start":{"line":89,"column":2},"end":{"line":92,"column":3}},{"start":{},"end":{}}],"line":89},"5":{"loc":{"start":{"line":89,"column":6},"end":{"line":89,"column":36}},"type":"binary-expr","locations":[{"start":{"line":89,"column":6},"end":{"line":89,"column":14}},{"start":{"line":89,"column":18},"end":{"line":89,"column":23}},{"start":{"line":89,"column":27},"end":{"line":89,"column":36}}],"line":89},"6":{"loc":{"start":{"line":98,"column":22},"end":{"line":100,"column":27}},"type":"cond-expr","locations":[{"start":{"line":99,"column":6},"end":{"line":99,"column":59}},{"start":{"line":100,"column":6},"end":{"line":100,"column":27}}],"line":98},"7":{"loc":{"start":{"line":105,"column":2},"end":{"line":105,"column":33}},"type":"if","locations":[{"start":{"line":105,"column":2},"end":{"line":105,"column":33}},{"start":{},"end":{}}],"line":105},"8":{"loc":{"start":{"line":116,"column":4},"end":{"line":119,"column":5}},"type":"if","locations":[{"start":{"line":116,"column":4},"end":{"line":119,"column":5}},{"start":{},"end":{}}],"line":116},"9":{"loc":{"start":{"line":118,"column":55},"end":{"line":118,"column":91}},"type":"cond-expr","locations":[{"start":{"line":118,"column":83},"end":{"line":118,"column":85}},{"start":{"line":118,"column":88},"end":{"line":118,"column":91}}],"line":118},"10":{"loc":{"start":{"line":121,"column":4},"end":{"line":123,"column":5}},"type":"if","locations":[{"start":{"line":121,"column":4},"end":{"line":123,"column":5}},{"start":{},"end":{}}],"line":121},"11":{"loc":{"start":{"line":121,"column":8},"end":{"line":121,"column":37}},"type":"binary-expr","locations":[{"start":{"line":121,"column":8},"end":{"line":121,"column":12}},{"start":{"line":121,"column":16},"end":{"line":121,"column":37}}],"line":121},"12":{"loc":{"start":{"line":125,"column":4},"end":{"line":127,"column":5}},"type":"if","locations":[{"start":{"line":125,"column":4},"end":{"line":127,"column":5}},{"start":{},"end":{}}],"line":125},"13":{"loc":{"start":{"line":129,"column":4},"end":{"line":129,"column":50}},"type":"if","locations":[{"start":{"line":129,"column":4},"end":{"line":129,"column":50}},{"start":{},"end":{}}],"line":129},"14":{"loc":{"start":{"line":134,"column":4},"end":{"line":137,"column":5}},"type":"if","locations":[{"start":{"line":134,"column":4},"end":{"line":137,"column":5}},{"start":{},"end":{}}],"line":134},"15":{"loc":{"start":{"line":147,"column":2},"end":{"line":150,"column":3}},"type":"if","locations":[{"start":{"line":147,"column":2},"end":{"line":150,"column":3}},{"start":{},"end":{}}],"line":147},"16":{"loc":{"start":{"line":152,"column":2},"end":{"line":155,"column":3}},"type":"if","locations":[{"start":{"line":152,"column":2},"end":{"line":155,"column":3}},{"start":{},"end":{}}],"line":152},"17":{"loc":{"start":{"line":163,"column":2},"end":{"line":163,"column":95}},"type":"if","locations":[{"start":{"line":163,"column":2},"end":{"line":163,"column":95}},{"start":{},"end":{}}],"line":163},"18":{"loc":{"start":{"line":167,"column":2},"end":{"line":170,"column":3}},"type":"if","locations":[{"start":{"line":167,"column":2},"end":{"line":170,"column":3}},{"start":{},"end":{}}],"line":167},"19":{"loc":{"start":{"line":187,"column":2},"end":{"line":189,"column":3}},"type":"if","locations":[{"start":{"line":187,"column":2},"end":{"line":189,"column":3}},{"start":{},"end":{}}],"line":187}},"s":{"0":13,"1":13,"2":13,"3":13,"4":13,"5":13,"6":7,"7":13,"8":13,"9":13,"10":3,"11":2,"12":3,"13":2,"14":2,"15":2,"16":5,"17":1,"18":6,"19":6,"20":0,"21":0,"22":6,"23":0,"24":0,"25":6,"26":6,"27":6,"28":6,"29":6,"30":6,"31":0,"32":6,"33":6,"34":6,"35":6,"36":9,"37":9,"38":9,"39":9,"40":3,"41":3,"42":9,"43":4,"44":9,"45":2,"46":9,"47":1,"48":8,"49":8,"50":2,"51":2,"52":6,"53":6,"54":2,"55":2,"56":2,"57":6,"58":2,"59":2,"60":4,"61":4,"62":6,"63":4,"64":0,"65":4,"66":4,"67":1,"68":1,"69":3,"70":3,"71":3,"72":3,"73":5,"74":5,"75":5,"76":0,"77":3,"78":3,"79":0,"80":0},"f":{"0":13,"1":7,"2":13,"3":5,"4":6,"5":2,"6":6,"7":0},"b":{"0":[3,2,3,2,2,1],"1":[2,3],"2":[0],"3":[0,6],"4":[0,6],"5":[6,4,2],"6":[1,5],"7":[0,6],"8":[3,6],"9":[0,3],"10":[4,5],"11":[9,4],"12":[2,7],"13":[1,8],"14":[2,6],"15":[2,4],"16":[2,4],"17":[0,4],"18":[1,3],"19":[0,3]},"inputSourceMap":null,"_coverageSchema":"1a1c01bbd47fc00a2c39e90264f33305004495a9","hash":"5281f78587fe388a5f883fca8348b15938bb16f5"}
,"E:\\project\\npm-package\\src\\commands\\watch.js": {"path":"E:\\project\\npm-package\\src\\commands\\watch.js","statementMap":{"0":{"start":{"line":20,"column":2},"end":{"line":78,"column":7}},"1":{"start":{"line":30,"column":6},"end":{"line":33,"column":7}},"2":{"start":{"line":31,"column":8},"end":{"line":31,"column":72}},"3":{"start":{"line":32,"column":8},"end":{"line":32,"column":24}},"4":{"start":{"line":35,"column":26},"end":{"line":35,"column":49}},"5":{"start":{"line":37,"column":6},"end":{"line":37,"column":90}},"6":{"start":{"line":38,"column":6},"end":{"line":38,"column":56}},"7":{"start":{"line":41,"column":23},"end":{"line":41,"column":32}},"8":{"start":{"line":43,"column":6},"end":{"line":71,"column":9}},"9":{"start":{"line":44,"column":8},"end":{"line":44,"column":56}},"10":{"start":{"line":44,"column":49},"end":{"line":44,"column":56}},"11":{"start":{"line":46,"column":25},"end":{"line":46,"column":57}},"12":{"start":{"line":49,"column":8},"end":{"line":49,"column":43}},"13":{"start":{"line":49,"column":36},"end":{"line":49,"column":43}},"14":{"start":{"line":50,"column":8},"end":{"line":50,"column":37}},"15":{"start":{"line":51,"column":8},"end":{"line":51,"column":57}},"16":{"start":{"line":51,"column":25},"end":{"line":51,"column":50}},"17":{"start":{"line":54,"column":8},"end":{"line":54,"column":51}},"18":{"start":{"line":54,"column":31},"end":{"line":54,"column":49}},"19":{"start":{"line":56,"column":8},"end":{"line":70,"column":9}},"20":{"start":{"line":57,"column":10},"end":{"line":57,"column":47}},"21":{"start":{"line":57,"column":40},"end":{"line":57,"column":47}},"22":{"start":{"line":58,"column":24},"end":{"line":58,"column":47}},"23":{"start":{"line":59,"column":10},"end":{"line":59,"column":38}},"24":{"start":{"line":59,"column":31},"end":{"line":59,"column":38}},"25":{"start":{"line":61,"column":28},"end":{"line":61,"column":59}},"26":{"start":{"line":62,"column":10},"end":{"line":62,"column":94}},"27":{"start":{"line":64,"column":10},"end":{"line":67,"column":11}},"28":{"start":{"line":65,"column":12},"end":{"line":65,"column":114}},"29":{"start":{"line":66,"column":12},"end":{"line":66,"column":68}},"30":{"start":{"line":69,"column":10},"end":{"line":69,"column":87}},"31":{"start":{"line":74,"column":6},"end":{"line":77,"column":9}},"32":{"start":{"line":75,"column":8},"end":{"line":75,"column":68}},"33":{"start":{"line":76,"column":8},"end":{"line":76,"column":24}}},"fnMap":{"0":{"name":"registerWatchCommand","decl":{"start":{"line":19,"column":16},"end":{"line":19,"column":36}},"loc":{"start":{"line":19,"column":46},"end":{"line":79,"column":1}},"line":19},"1":{"name":"(anonymous_1)","decl":{"start":{"line":29,"column":12},"end":{"line":29,"column":13}},"loc":{"start":{"line":29,"column":42},"end":{"line":78,"column":5}},"line":29},"2":{"name":"(anonymous_2)","decl":{"start":{"line":43,"column":27},"end":{"line":43,"column":28}},"loc":{"start":{"line":43,"column":58},"end":{"line":71,"column":7}},"line":43},"3":{"name":"(anonymous_3)","decl":{"start":{"line":51,"column":19},"end":{"line":51,"column":20}},"loc":{"start":{"line":51,"column":25},"end":{"line":51,"column":50}},"line":51},"4":{"name":"(anonymous_4)","decl":{"start":{"line":54,"column":26},"end":{"line":54,"column":27}},"loc":{"start":{"line":54,"column":31},"end":{"line":54,"column":49}},"line":54},"5":{"name":"(anonymous_5)","decl":{"start":{"line":74,"column":27},"end":{"line":74,"column":28}},"loc":{"start":{"line":74,"column":33},"end":{"line":77,"column":7}},"line":74}},"branchMap":{"0":{"loc":{"start":{"line":30,"column":6},"end":{"line":33,"column":7}},"type":"if","locations":[{"start":{"line":30,"column":6},"end":{"line":33,"column":7}},{"start":{},"end":{}}],"line":30},"1":{"loc":{"start":{"line":44,"column":8},"end":{"line":44,"column":56}},"type":"if","locations":[{"start":{"line":44,"column":8},"end":{"line":44,"column":56}},{"start":{},"end":{}}],"line":44},"2":{"loc":{"start":{"line":44,"column":12},"end":{"line":44,"column":47}},"type":"binary-expr","locations":[{"start":{"line":44,"column":12},"end":{"line":44,"column":21}},{"start":{"line":44,"column":25},"end":{"line":44,"column":47}}],"line":44},"3":{"loc":{"start":{"line":49,"column":8},"end":{"line":49,"column":43}},"type":"if","locations":[{"start":{"line":49,"column":8},"end":{"line":49,"column":43}},{"start":{},"end":{}}],"line":49},"4":{"loc":{"start":{"line":57,"column":10},"end":{"line":57,"column":47}},"type":"if","locations":[{"start":{"line":57,"column":10},"end":{"line":57,"column":47}},{"start":{},"end":{}}],"line":57},"5":{"loc":{"start":{"line":59,"column":10},"end":{"line":59,"column":38}},"type":"if","locations":[{"start":{"line":59,"column":10},"end":{"line":59,"column":38}},{"start":{},"end":{}}],"line":59},"6":{"loc":{"start":{"line":64,"column":10},"end":{"line":67,"column":11}},"type":"if","locations":[{"start":{"line":64,"column":10},"end":{"line":67,"column":11}},{"start":{},"end":{}}],"line":64}},"s":{"0":0,"1":0,"2":0,"3":0,"4":0,"5":0,"6":0,"7":0,"8":0,"9":0,"10":0,"11":0,"12":0,"13":0,"14":0,"15":0,"16":0,"17":0,"18":0,"19":0,"20":0,"21":0,"22":0,"23":0,"24":0,"25":0,"26":0,"27":0,"28":0,"29":0,"30":0,"31":0,"32":0,"33":0},"f":{"0":0,"1":0,"2":0,"3":0,"4":0,"5":0},"b":{"0":[0,0],"1":[0,0],"2":[0,0],"3":[0,0],"4":[0,0],"5":[0,0],"6":[0,0]},"inputSourceMap":null}
,"E:\\project\\npm-package\\src\\utils\\fileHelpers.js": {"path":"E:\\project\\npm-package\\src\\utils\\fileHelpers.js","statementMap":{"0":{"start":{"line":13,"column":2},"end":{"line":13,"column":32}},"1":{"start":{"line":13,"column":19},"end":{"line":13,"column":32}},"2":{"start":{"line":14,"column":16},"end":{"line":14,"column":45}},"3":{"start":{"line":15,"column":12},"end":{"line":15,"column":56}},"4":{"start":{"line":16,"column":2},"end":{"line":16,"column":65}},"5":{"start":{"line":25,"column":2},"end":{"line":27,"column":18}},"6":{"start":{"line":36,"column":2},"end":{"line":40,"column":3}},"7":{"start":{"line":37,"column":4},"end":{"line":37,"column":42}},"8":{"start":{"line":39,"column":4},"end":{"line":39,"column":17}},"9":{"start":{"line":50,"column":2},"end":{"line":55,"column":19}}},"fnMap":{"0":{"name":"formatBytes","decl":{"start":{"line":12,"column":16},"end":{"line":12,"column":27}},"loc":{"start":{"line":12,"column":35},"end":{"line":17,"column":1}},"line":12},"1":{"name":"getFileDate","decl":{"start":{"line":24,"column":16},"end":{"line":24,"column":27}},"loc":{"start":{"line":24,"column":35},"end":{"line":28,"column":1}},"line":24},"2":{"name":"isDirectory","decl":{"start":{"line":35,"column":16},"end":{"line":35,"column":27}},"loc":{"start":{"line":35,"column":33},"end":{"line":41,"column":1}},"line":35},"3":{"name":"sanitizeFilename","decl":{"start":{"line":49,"column":16},"end":{"line":49,"column":32}},"loc":{"start":{"line":49,"column":39},"end":{"line":56,"column":1}},"line":49}},"branchMap":{"0":{"loc":{"start":{"line":13,"column":2},"end":{"line":13,"column":32}},"type":"if","locations":[{"start":{"line":13,"column":2},"end":{"line":13,"column":32}},{"start":{},"end":{}}],"line":13},"1":{"loc":{"start":{"line":25,"column":9},"end":{"line":27,"column":17}},"type":"cond-expr","locations":[{"start":{"line":26,"column":6},"end":{"line":26,"column":21}},{"start":{"line":27,"column":6},"end":{"line":27,"column":17}}],"line":25},"2":{"loc":{"start":{"line":25,"column":9},"end":{"line":25,"column":57}},"type":"binary-expr","locations":[{"start":{"line":25,"column":9},"end":{"line":25,"column":24}},{"start":{"line":25,"column":28},"end":{"line":25,"column":57}}],"line":25}},"s":{"0":7,"1":1,"2":6,"3":6,"4":6,"5":16,"6":3,"7":3,"8":1,"9":10},"f":{"0":7,"1":16,"2":3,"3":10},"b":{"0":[1,6],"1":[15,1],"2":[16,16]},"inputSourceMap":null,"_coverageSchema":"1a1c01bbd47fc00a2c39e90264f33305004495a9","hash":"36ff77f3589ace048601624b06ff3306d7982da5"}
,"E:\\project\\npm-package\\src\\utils\\logger.js": {"path":"E:\\project\\npm-package\\src\\utils\\logger.js","statementMap":{"0":{"start":{"line":12,"column":2},"end":{"line":12,"column":45}},"1":{"start":{"line":13,"column":2},"end":{"line":16,"column":5}},"2":{"start":{"line":14,"column":20},"end":{"line":14,"column":47}},"3":{"start":{"line":15,"column":4},"end":{"line":15,"column":67}},"4":{"start":{"line":17,"column":2},"end":{"line":17,"column":16}},"5":{"start":{"line":24,"column":2},"end":{"line":24,"column":50}},"6":{"start":{"line":31,"column":2},"end":{"line":31,"column":38}},"7":{"start":{"line":38,"column":2},"end":{"line":38,"column":39}},"8":{"start":{"line":45,"column":2},"end":{"line":45,"column":40}},"9":{"start":{"line":52,"column":2},"end":{"line":52,"column":37}}},"fnMap":{"0":{"name":"logSummary","decl":{"start":{"line":11,"column":16},"end":{"line":11,"column":26}},"loc":{"start":{"line":11,"column":34},"end":{"line":18,"column":1}},"line":11},"1":{"name":"(anonymous_1)","decl":{"start":{"line":13,"column":16},"end":{"line":13,"column":17}},"loc":{"start":{"line":13,"column":45},"end":{"line":16,"column":3}},"line":13},"2":{"name":"logHeader","decl":{"start":{"line":23,"column":16},"end":{"line":23,"column":25}},"loc":{"start":{"line":23,"column":33},"end":{"line":25,"column":1}},"line":23},"3":{"name":"logInfo","decl":{"start":{"line":30,"column":16},"end":{"line":30,"column":23}},"loc":{"start":{"line":30,"column":29},"end":{"line":32,"column":1}},"line":30},"4":{"name":"logSuccess","decl":{"start":{"line":37,"column":16},"end":{"line":37,"column":26}},"loc":{"start":{"line":37,"column":32},"end":{"line":39,"column":1}},"line":37},"5":{"name":"logWarn","decl":{"start":{"line":44,"column":16},"end":{"line":44,"column":23}},"loc":{"start":{"line":44,"column":29},"end":{"line":46,"column":1}},"line":44},"6":{"name":"logError","decl":{"start":{"line":51,"column":16},"end":{"line":51,"column":24}},"loc":{"start":{"line":51,"column":30},"end":{"line":53,"column":1}},"line":51}},"branchMap":{"0":{"loc":{"start":{"line":14,"column":20},"end":{"line":14,"column":47}},"type":"binary-expr","locations":[{"start":{"line":14,"column":20},"end":{"line":14,"column":32}},{"start":{"line":14,"column":36},"end":{"line":14,"column":47}}],"line":14}},"s":{"0":2,"1":2,"2":6,"3":6,"4":2,"5":0,"6":0,"7":0,"8":0,"9":0},"f":{"0":2,"1":6,"2":0,"3":0,"4":0,"5":0,"6":0},"b":{"0":[6,0]},"inputSourceMap":null,"_coverageSchema":"1a1c01bbd47fc00a2c39e90264f33305004495a9","hash":"366bcbbb9157b5815cb4d004375c2b4b3dd01a17"}
}
