TN:
SF:src\index.js
FNF:0
FNH:0
LF:0
LH:0
BRF:0
BRH:0
end_of_record
TN:
SF:src\commands\convert.js
FN:27,readFile
FN:73,writeFile
FN:112,convertFile
FN:142,convert
FN:159,(anonymous_4)
FN:168,(anonymous_5)
FN:220,registerConvertCommand
FNF:7
FNH:3
FNDA:8,readFile
FNDA:8,writeFile
FNDA:6,convertFile
FNDA:0,convert
FNDA:0,(anonymous_4)
FNDA:0,(anonymous_5)
FNDA:0,registerConvertCommand
DA:19,1
DA:28,8
DA:30,8
DA:32,3
DA:33,3
DA:38,3
DA:39,0
DA:41,3
DA:45,4
DA:46,4
DA:48,4
DA:53,0
DA:54,0
DA:55,0
DA:56,0
DA:58,0
DA:59,0
DA:63,1
DA:74,8
DA:76,8
DA:78,4
DA:79,4
DA:80,4
DA:84,3
DA:88,3
DA:89,3
DA:93,0
DA:94,0
DA:95,0
DA:96,0
DA:97,0
DA:101,1
DA:113,6
DA:115,6
DA:116,1
DA:118,5
DA:119,1
DA:121,4
DA:122,1
DA:125,3
DA:127,3
DA:128,3
DA:129,3
DA:131,3
DA:132,3
DA:134,3
DA:143,0
DA:145,0
DA:146,0
DA:147,0
DA:150,0
DA:152,0
DA:154,0
DA:155,0
DA:156,0
DA:159,0
DA:160,0
DA:163,0
DA:165,0
DA:167,0
DA:168,0
DA:169,0
DA:171,0
DA:172,0
DA:175,0
DA:176,0
DA:178,0
DA:179,0
DA:180,0
DA:181,0
DA:182,0
DA:183,0
DA:185,0
DA:186,0
DA:190,0
DA:194,0
DA:195,0
DA:196,0
DA:199,0
DA:200,0
DA:201,0
DA:202,0
DA:205,0
DA:206,0
DA:207,0
DA:208,0
DA:210,0
DA:211,0
DA:221,0
LF:89
LH:34
BRDA:27,0,0,5
BRDA:30,1,0,3
BRDA:30,1,1,4
BRDA:30,1,2,0
BRDA:30,1,3,0
BRDA:30,1,4,1
BRDA:38,2,0,0
BRDA:38,2,1,3
BRDA:48,3,0,2
BRDA:48,3,1,2
BRDA:48,4,0,2
BRDA:48,4,1,1
BRDA:54,5,0,0
BRDA:54,5,1,0
BRDA:55,6,0,0
BRDA:55,6,1,0
BRDA:73,7,0,3
BRDA:76,8,0,4
BRDA:76,8,1,3
BRDA:76,8,2,0
BRDA:76,8,3,1
BRDA:78,9,0,1
BRDA:78,9,1,3
BRDA:85,10,0,3
BRDA:85,10,1,3
BRDA:86,11,0,3
BRDA:86,11,1,2
BRDA:95,12,0,0
BRDA:95,12,1,0
BRDA:112,13,0,5
BRDA:115,14,0,1
BRDA:115,14,1,5
BRDA:118,15,0,1
BRDA:118,15,1,4
BRDA:121,16,0,1
BRDA:121,16,1,3
BRDA:121,17,0,4
BRDA:121,17,1,3
BRDA:121,17,2,0
BRDA:127,18,0,3
BRDA:127,18,1,2
BRDA:145,19,0,0
BRDA:145,19,1,0
BRDA:150,20,0,0
BRDA:150,20,1,0
BRDA:152,21,0,0
BRDA:152,21,1,0
BRDA:165,22,0,0
BRDA:165,22,1,0
BRDA:167,23,0,0
BRDA:167,23,1,0
BRDA:194,24,0,0
BRDA:194,24,1,0
BRDA:199,25,0,0
BRDA:199,25,1,0
BRF:55
BRH:30
end_of_record
TN:
SF:src\commands\duplicates.js
FN:26,hashFile
FN:27,(anonymous_1)
FN:30,(anonymous_2)
FN:31,(anonymous_3)
FN:43,findDuplicateGroups
FN:57,(anonymous_5)
FN:72,(anonymous_6)
FN:80,findDuplicates
FN:112,(anonymous_8)
FN:117,(anonymous_9)
FN:136,(anonymous_10)
FN:162,registerDuplicatesCommand
FNF:12
FNH:0
FNDA:0,hashFile
FNDA:0,(anonymous_1)
FNDA:0,(anonymous_2)
FNDA:0,(anonymous_3)
FNDA:0,findDuplicateGroups
FNDA:0,(anonymous_5)
FNDA:0,(anonymous_6)
FNDA:0,findDuplicates
FNDA:0,(anonymous_8)
FNDA:0,(anonymous_9)
FNDA:0,(anonymous_10)
FNDA:0,registerDuplicatesCommand
DA:27,0
DA:28,0
DA:29,0
DA:30,0
DA:31,0
DA:32,0
DA:45,0
DA:46,0
DA:47,0
DA:48,0
DA:49,0
DA:50,0
DA:57,0
DA:59,0
DA:61,0
DA:62,0
DA:63,0
DA:64,0
DA:65,0
DA:66,0
DA:72,0
DA:81,0
DA:83,0
DA:84,0
DA:85,0
DA:88,0
DA:89,0
DA:93,0
DA:94,0
DA:95,0
DA:97,0
DA:98,0
DA:100,0
DA:101,0
DA:102,0
DA:106,0
DA:107,0
DA:112,0
DA:113,0
DA:114,0
DA:115,0
DA:117,0
DA:118,0
DA:124,0
DA:127,0
DA:128,0
DA:130,0
DA:131,0
DA:132,0
DA:136,0
DA:138,0
DA:139,0
DA:140,0
DA:143,0
DA:144,0
DA:146,0
DA:147,0
DA:148,0
DA:149,0
DA:151,0
DA:155,0
DA:163,0
LF:62
LH:0
BRDA:49,0,0,0
BRDA:49,0,1,0
BRDA:65,1,0,0
BRDA:65,1,1,0
BRDA:81,2,0,0
BRDA:81,3,0,0
BRDA:81,4,0,0
BRDA:83,5,0,0
BRDA:83,5,1,0
BRDA:89,6,0,0
BRDA:89,6,1,0
BRDA:100,7,0,0
BRDA:100,7,1,0
BRDA:119,8,0,0
BRDA:119,8,1,0
BRDA:120,9,0,0
BRDA:120,9,1,0
BRDA:121,10,0,0
BRDA:121,10,1,0
BRDA:130,11,0,0
BRDA:130,11,1,0
BRDA:138,12,0,0
BRDA:138,12,1,0
BRF:23
BRH:0
end_of_record
TN:
SF:src\commands\organize.js
FN:35,getCategoryByExtension
FN:49,getDestinationFolder
FN:76,organizeFiles
FN:122,(anonymous_3)
FN:168,(anonymous_4)
FN:178,registerOrganizeCommand
FNF:6
FNH:4
FNDA:91,getCategoryByExtension
FNDA:11,getDestinationFolder
FNDA:5,organizeFiles
FNDA:1,(anonymous_3)
FNDA:0,(anonymous_4)
FNDA:0,registerOrganizeCommand
DA:19,1
DA:36,91
DA:37,91
DA:38,390
DA:40,3
DA:50,11
DA:51,11
DA:53,11
DA:55,1
DA:56,1
DA:59,3
DA:60,3
DA:61,2
DA:62,1
DA:63,0
DA:67,7
DA:77,5
DA:80,5
DA:81,0
DA:82,0
DA:85,5
DA:88,5
DA:89,5
DA:93,5
DA:94,5
DA:96,5
DA:97,2
DA:98,2
DA:102,3
DA:103,3
DA:104,5
DA:105,5
DA:106,5
DA:109,5
DA:111,5
DA:114,3
DA:115,0
DA:116,0
DA:120,3
DA:121,1
DA:122,1
DA:123,1
DA:125,1
DA:126,1
DA:130,2
DA:131,2
DA:133,2
DA:134,4
DA:135,4
DA:138,4
DA:139,4
DA:140,1
DA:141,1
DA:142,1
DA:143,1
DA:146,4
DA:147,4
DA:149,4
DA:150,0
DA:153,0
DA:157,2
DA:160,2
DA:166,2
DA:167,0
DA:168,0
DA:169,0
DA:179,0
LF:67
LH:56
BRDA:38,0,0,88
BRDA:38,0,1,302
BRDA:53,1,0,1
BRDA:53,1,1,3
BRDA:53,1,2,6
BRDA:53,1,3,7
BRDA:60,2,0,1
BRDA:60,2,1,2
BRDA:61,3,0,1
BRDA:61,3,1,1
BRDA:62,4,0,1
BRDA:62,4,1,0
BRDA:77,5,0,0
BRDA:77,6,0,0
BRDA:77,7,0,0
BRDA:80,8,0,0
BRDA:80,8,1,5
BRDA:89,9,0,0
BRDA:89,9,1,5
BRDA:96,10,0,2
BRDA:96,10,1,3
BRDA:109,11,0,0
BRDA:109,11,1,5
BRDA:114,12,0,0
BRDA:114,12,1,3
BRDA:120,13,0,1
BRDA:120,13,1,2
BRDA:139,14,0,1
BRDA:139,14,1,3
BRDA:149,15,0,0
BRDA:149,15,1,4
BRDA:166,16,0,0
BRDA:166,16,1,2
BRDA:166,17,0,2
BRDA:166,17,1,0
BRF:35
BRH:24
end_of_record
TN:
SF:src\commands\rename.js
FN:33,applyTemplate
FN:45,(anonymous_1)
FN:55,applyCase
FN:66,(anonymous_3)
FN:80,renameFiles
FN:149,(anonymous_5)
FN:162,(anonymous_6)
FN:196,registerRenameCommand
FNF:8
FNH:7
FNDA:13,applyTemplate
FNDA:7,(anonymous_1)
FNDA:13,applyCase
FNDA:5,(anonymous_3)
FNDA:6,renameFiles
FNDA:2,(anonymous_5)
FNDA:6,(anonymous_6)
FNDA:0,registerRenameCommand
DA:34,13
DA:35,13
DA:36,13
DA:37,13
DA:38,13
DA:40,13
DA:45,7
DA:56,13
DA:57,13
DA:59,13
DA:60,3
DA:61,2
DA:62,3
DA:63,2
DA:65,2
DA:66,5
DA:71,1
DA:81,6
DA:83,6
DA:84,0
DA:85,0
DA:89,6
DA:90,0
DA:91,0
DA:94,6
DA:97,6
DA:98,6
DA:102,6
DA:103,6
DA:105,6
DA:108,6
DA:109,6
DA:111,6
DA:112,9
DA:113,9
DA:114,9
DA:116,9
DA:117,3
DA:118,3
DA:121,9
DA:122,4
DA:125,9
DA:126,2
DA:129,9
DA:131,8
DA:134,8
DA:135,2
DA:136,2
DA:139,6
DA:147,6
DA:148,2
DA:149,2
DA:152,6
DA:153,2
DA:154,2
DA:158,4
DA:162,6
DA:163,4
DA:165,4
DA:167,4
DA:168,1
DA:169,1
DA:173,3
DA:174,3
DA:175,3
DA:177,3
DA:178,5
DA:179,5
DA:180,5
DA:182,0
DA:186,3
DA:187,3
DA:188,0
DA:197,0
LF:74
LH:67
BRDA:59,0,0,3
BRDA:59,0,1,2
BRDA:59,0,2,3
BRDA:59,0,3,2
BRDA:59,0,4,2
BRDA:59,0,5,1
BRDA:66,1,0,2
BRDA:66,1,1,3
BRDA:81,2,0,0
BRDA:83,3,0,0
BRDA:83,3,1,6
BRDA:89,4,0,0
BRDA:89,4,1,6
BRDA:89,5,0,6
BRDA:89,5,1,4
BRDA:89,5,2,2
BRDA:98,6,0,1
BRDA:98,6,1,5
BRDA:105,7,0,0
BRDA:105,7,1,6
BRDA:116,8,0,3
BRDA:116,8,1,6
BRDA:118,9,0,0
BRDA:118,9,1,3
BRDA:121,10,0,4
BRDA:121,10,1,5
BRDA:121,11,0,9
BRDA:121,11,1,4
BRDA:125,12,0,2
BRDA:125,12,1,7
BRDA:129,13,0,1
BRDA:129,13,1,8
BRDA:134,14,0,2
BRDA:134,14,1,6
BRDA:147,15,0,2
BRDA:147,15,1,4
BRDA:152,16,0,2
BRDA:152,16,1,4
BRDA:163,17,0,0
BRDA:163,17,1,4
BRDA:167,18,0,1
BRDA:167,18,1,3
BRDA:187,19,0,0
BRDA:187,19,1,3
BRF:44
BRH:37
end_of_record
TN:
SF:src\commands\watch.js
FN:19,registerWatchCommand
FN:29,(anonymous_1)
FN:43,(anonymous_2)
FN:51,(anonymous_3)
FN:54,(anonymous_4)
FN:74,(anonymous_5)
FNF:6
FNH:0
FNDA:0,registerWatchCommand
FNDA:0,(anonymous_1)
FNDA:0,(anonymous_2)
FNDA:0,(anonymous_3)
FNDA:0,(anonymous_4)
FNDA:0,(anonymous_5)
DA:20,0
DA:30,0
DA:31,0
DA:32,0
DA:35,0
DA:37,0
DA:38,0
DA:41,0
DA:43,0
DA:44,0
DA:46,0
DA:49,0
DA:50,0
DA:51,0
DA:54,0
DA:56,0
DA:57,0
DA:58,0
DA:59,0
DA:61,0
DA:62,0
DA:64,0
DA:65,0
DA:66,0
DA:69,0
DA:74,0
DA:75,0
DA:76,0
LF:28
LH:0
BRDA:30,0,0,0
BRDA:30,0,1,0
BRDA:44,1,0,0
BRDA:44,1,1,0
BRDA:44,2,0,0
BRDA:44,2,1,0
BRDA:49,3,0,0
BRDA:49,3,1,0
BRDA:57,4,0,0
BRDA:57,4,1,0
BRDA:59,5,0,0
BRDA:59,5,1,0
BRDA:64,6,0,0
BRDA:64,6,1,0
BRF:14
BRH:0
end_of_record
TN:
SF:src\utils\fileHelpers.js
FN:12,formatBytes
FN:24,getFileDate
FN:35,isDirectory
FN:49,sanitizeFilename
FNF:4
FNH:4
FNDA:7,formatBytes
FNDA:16,getFileDate
FNDA:3,isDirectory
FNDA:10,sanitizeFilename
DA:13,7
DA:14,6
DA:15,6
DA:16,6
DA:25,16
DA:36,3
DA:37,3
DA:39,1
DA:50,10
LF:9
LH:9
BRDA:13,0,0,1
BRDA:13,0,1,6
BRDA:25,1,0,15
BRDA:25,1,1,1
BRDA:25,2,0,16
BRDA:25,2,1,16
BRF:6
BRH:6
end_of_record
TN:
SF:src\utils\logger.js
FN:11,logSummary
FN:13,(anonymous_1)
FN:23,logHeader
FN:30,logInfo
FN:37,logSuccess
FN:44,logWarn
FN:51,logError
FNF:7
FNH:2
FNDA:2,logSummary
FNDA:6,(anonymous_1)
FNDA:0,logHeader
FNDA:0,logInfo
FNDA:0,logSuccess
FNDA:0,logWarn
FNDA:0,logError
DA:12,2
DA:13,2
DA:14,6
DA:15,6
DA:17,2
DA:24,0
DA:31,0
DA:38,0
DA:45,0
DA:52,0
LF:10
LH:5
BRDA:14,0,0,6
BRDA:14,0,1,0
BRF:2
BRH:1
end_of_record
